Using pre-set license

 COMMAND LINE ARGUMENTS:
/Applications/Unity/Hub/Editor/2021.1.3f1/Unity.app/Contents/MacOS/Unity
-adb2
-batchMode
-noUpm
-name
AssetImportWorker1
-projectPath
/Users/kids/Desktop/Unity FPS
-logFile
Logs/AssetImportWorker1.log
-srvPort
49917
Successfully changed project path to: /Users/kids/Desktop/Unity FPS
/Users/kids/Desktop/Unity FPS
Using Asset Import Pipeline V2.
Refreshing native plugins compatible for Editor in 96.51 ms, found 1 plugins.
Preloading 0 native plugins for Editor in 0.00 ms.
Initialize engine version: 2021.1.3f1 (4bef613afd59)
[Subsystems] Discovering subsystems at path /Applications/Unity/Hub/Editor/2021.1.3f1/Unity.app/Contents/Resources/UnitySubsystems
[Subsystems] Discovering subsystems at path /Users/kids/Desktop/Unity FPS/Assets
GfxDevice: creating device client; threaded=0; jobified=0
2021-06-26 18:43:23.627 Unity[34080:3057798] iMac preferred device: AMD Radeon Pro 560X (high power)
2021-06-26 18:43:23.627 Unity[34080:3057798] Metal devices available: 1
2021-06-26 18:43:23.627 Unity[34080:3057798] 0: AMD Radeon Pro 560X (high power)
2021-06-26 18:43:23.628 Unity[34080:3057798] Using device AMD Radeon Pro 560X (high power)
Initializing Metal device caps: AMD Radeon Pro 560X
Initialize mono
Mono path[0] = '/Applications/Unity/Hub/Editor/2021.1.3f1/Unity.app/Contents/Managed'
Mono path[1] = '/Applications/Unity/Hub/Editor/2021.1.3f1/Unity.app/Contents/MonoBleedingEdge/lib/mono/unityjit'
Mono config path = '/Applications/Unity/Hub/Editor/2021.1.3f1/Unity.app/Contents/MonoBleedingEdge/etc'
Using monoOptions --debugger-agent=transport=dt_socket,embedding=1,server=y,suspend=n,address=127.0.0.1:56080
Begin MonoManager ReloadAssembly
Registering precompiled unity dll's ...
Register platform support module: /Applications/Unity/Hub/Editor/2021.1.3f1/Unity.app/Contents/PlaybackEngines/MacStandaloneSupport/UnityEditor.OSXStandalone.Extensions.dll
Registered in 0.001161 seconds.
Native extension for OSXStandalone target not found
Refreshing native plugins compatible for Editor in 80.59 ms, found 1 plugins.
Preloading 0 native plugins for Editor in 0.00 ms.
Mono: successfully reloaded assembly
- Completed reload, in  4.404 seconds
Platform modules already initialized, skipping
Registering precompiled user dll's ...
Registered in 0.027820 seconds.
Begin MonoManager ReloadAssembly
Native extension for OSXStandalone target not found
Refreshing native plugins compatible for Editor in 0.57 ms, found 1 plugins.
Preloading 0 native plugins for Editor in 0.00 ms.
Mono: successfully reloaded assembly
- Completed reload, in  1.317 seconds
Platform modules already initialized, skipping
========================================================================
Worker process is ready to serve import requests
Launching external process: /Applications/Unity/Hub/Editor/2021.1.3f1/Unity.app/Contents/Tools/UnityShaderCompiler
Launched and connected shader compiler UnityShaderCompiler after 0.07 seconds
Refreshing native plugins compatible for Editor in 0.57 ms, found 1 plugins.
Preloading 0 native plugins for Editor in 0.00 ms.
Unloading 2802 Unused Serialized files (Serialized files now loaded: 0)
System memory in use before: 187.6 MB.
System memory in use after: 187.3 MB.

Unloading 17 unused Assets to reduce memory usage. Loaded Objects now: 3273.
Total: 2.635756 ms (FindLiveObjects: 0.265910 ms CreateObjectMapping: 0.152089 ms MarkObjects: 1.907736 ms  DeleteObjects: 0.308819 ms)

========================================================================
Received Import Request.
  path: Assets/Materials/RoomMat.mat
  artifactKey: Guid(dd41d0f6090644a1b9d3bae736dd121b) Importer(815301076,1909f56bfc062723c751e8b465ee728b)
Start importing Assets/Materials/RoomMat.mat using Guid(dd41d0f6090644a1b9d3bae736dd121b) Importer(815301076,1909f56bfc062723c751e8b465ee728b)  -> (artifact id: 'd600eb1ef0c6fd227bc6b6666f12f9ed') in 0.961996 seconds 
========================================================================
Received Prepare
Registering precompiled user dll's ...
Registered in 0.031333 seconds.
Begin MonoManager ReloadAssembly
Native extension for OSXStandalone target not found
Refreshing native plugins compatible for Editor in 0.61 ms, found 1 plugins.
Preloading 0 native plugins for Editor in 0.00 ms.
Mono: successfully reloaded assembly
- Completed reload, in  1.180 seconds
Platform modules already initialized, skipping
Refreshing native plugins compatible for Editor in 0.53 ms, found 1 plugins.
Preloading 0 native plugins for Editor in 0.00 ms.
Unloading 2778 Unused Serialized files (Serialized files now loaded: 0)
System memory in use before: 194.5 MB.
System memory in use after: 194.2 MB.

Unloading 12 unused Assets to reduce memory usage. Loaded Objects now: 3316.
Total: 2.098403 ms (FindLiveObjects: 0.211655 ms CreateObjectMapping: 0.111170 ms MarkObjects: 1.511014 ms  DeleteObjects: 0.263980 ms)

========================================================================
Received Import Request.
  Time since last request: 162.291510 seconds.
  path: Assets/Materials/RoomMat.mat
  artifactKey: Guid(dd41d0f6090644a1b9d3bae736dd121b) Importer(815301076,1909f56bfc062723c751e8b465ee728b)
Start importing Assets/Materials/RoomMat.mat using Guid(dd41d0f6090644a1b9d3bae736dd121b) Importer(815301076,1909f56bfc062723c751e8b465ee728b)  -> (artifact id: '410a3a71348334c2ce81582bc7fc32d6') in 0.066288 seconds 
========================================================================
Received Prepare
Registering precompiled user dll's ...
Registered in 0.021409 seconds.
Begin MonoManager ReloadAssembly
Native extension for OSXStandalone target not found
Refreshing native plugins compatible for Editor in 0.53 ms, found 1 plugins.
Preloading 0 native plugins for Editor in 0.00 ms.
Mono: successfully reloaded assembly
- Completed reload, in  1.205 seconds
Platform modules already initialized, skipping
Refreshing native plugins compatible for Editor in 0.52 ms, found 1 plugins.
Preloading 0 native plugins for Editor in 0.00 ms.
Unloading 2778 Unused Serialized files (Serialized files now loaded: 0)
System memory in use before: 194.8 MB.
System memory in use after: 194.6 MB.

Unloading 12 unused Assets to reduce memory usage. Loaded Objects now: 3320.
Total: 3.217761 ms (FindLiveObjects: 0.376711 ms CreateObjectMapping: 0.211761 ms MarkObjects: 2.241100 ms  DeleteObjects: 0.387156 ms)

========================================================================
Received Prepare
Registering precompiled user dll's ...
Registered in 0.016141 seconds.
Begin MonoManager ReloadAssembly
Native extension for OSXStandalone target not found
Refreshing native plugins compatible for Editor in 0.55 ms, found 1 plugins.
Preloading 0 native plugins for Editor in 0.00 ms.
Mono: successfully reloaded assembly
- Completed reload, in  0.964 seconds
Platform modules already initialized, skipping
Refreshing native plugins compatible for Editor in 0.52 ms, found 1 plugins.
Preloading 0 native plugins for Editor in 0.00 ms.
Unloading 2778 Unused Serialized files (Serialized files now loaded: 0)
System memory in use before: 195.1 MB.
System memory in use after: 194.8 MB.

Unloading 12 unused Assets to reduce memory usage. Loaded Objects now: 3323.
Total: 2.202558 ms (FindLiveObjects: 0.250379 ms CreateObjectMapping: 0.118628 ms MarkObjects: 1.555105 ms  DeleteObjects: 0.277785 ms)

========================================================================
Received Prepare
Registering precompiled user dll's ...
Registered in 0.001527 seconds.
Begin MonoManager ReloadAssembly
Native extension for OSXStandalone target not found
Refreshing native plugins compatible for Editor in 0.51 ms, found 1 plugins.
Preloading 0 native plugins for Editor in 0.00 ms.
Mono: successfully reloaded assembly
- Completed reload, in  0.963 seconds
Platform modules already initialized, skipping
Refreshing native plugins compatible for Editor in 0.57 ms, found 1 plugins.
Preloading 0 native plugins for Editor in 0.00 ms.
Unloading 2778 Unused Serialized files (Serialized files now loaded: 0)
System memory in use before: 195.3 MB.
System memory in use after: 195.0 MB.

Unloading 12 unused Assets to reduce memory usage. Loaded Objects now: 3326.
Total: 2.297522 ms (FindLiveObjects: 0.284971 ms CreateObjectMapping: 0.121665 ms MarkObjects: 1.619345 ms  DeleteObjects: 0.270673 ms)

========================================================================
Received Prepare
Registering precompiled user dll's ...
Registered in 0.001466 seconds.
Begin MonoManager ReloadAssembly
Native extension for OSXStandalone target not found
Refreshing native plugins compatible for Editor in 0.53 ms, found 1 plugins.
Preloading 0 native plugins for Editor in 0.00 ms.
Mono: successfully reloaded assembly
- Completed reload, in  0.969 seconds
Platform modules already initialized, skipping
Refreshing native plugins compatible for Editor in 0.56 ms, found 1 plugins.
Preloading 0 native plugins for Editor in 0.00 ms.
Unloading 2778 Unused Serialized files (Serialized files now loaded: 0)
System memory in use before: 195.5 MB.
System memory in use after: 195.2 MB.

Unloading 12 unused Assets to reduce memory usage. Loaded Objects now: 3329.
Total: 2.250035 ms (FindLiveObjects: 0.384934 ms CreateObjectMapping: 0.127018 ms MarkObjects: 1.459852 ms  DeleteObjects: 0.277398 ms)

========================================================================
Received Prepare
Registering precompiled user dll's ...
Registered in 0.001646 seconds.
Begin MonoManager ReloadAssembly
Native extension for OSXStandalone target not found
Refreshing native plugins compatible for Editor in 0.52 ms, found 1 plugins.
Preloading 0 native plugins for Editor in 0.00 ms.
Mono: successfully reloaded assembly
- Completed reload, in  0.998 seconds
Platform modules already initialized, skipping
Refreshing native plugins compatible for Editor in 0.52 ms, found 1 plugins.
Preloading 0 native plugins for Editor in 0.00 ms.
Unloading 2778 Unused Serialized files (Serialized files now loaded: 0)
System memory in use before: 195.7 MB.
System memory in use after: 195.5 MB.

Unloading 12 unused Assets to reduce memory usage. Loaded Objects now: 3332.
Total: 3.197134 ms (FindLiveObjects: 0.328796 ms CreateObjectMapping: 0.221120 ms MarkObjects: 2.276009 ms  DeleteObjects: 0.369883 ms)

========================================================================
Received Prepare
Registering precompiled user dll's ...
Registered in 0.023159 seconds.
Begin MonoManager ReloadAssembly
Native extension for OSXStandalone target not found
Refreshing native plugins compatible for Editor in 0.53 ms, found 1 plugins.
Preloading 0 native plugins for Editor in 0.00 ms.
Mono: successfully reloaded assembly
- Completed reload, in  0.971 seconds
Platform modules already initialized, skipping
Refreshing native plugins compatible for Editor in 0.59 ms, found 1 plugins.
Preloading 0 native plugins for Editor in 0.00 ms.
Unloading 2778 Unused Serialized files (Serialized files now loaded: 0)
System memory in use before: 196.2 MB.
System memory in use after: 195.9 MB.

Unloading 12 unused Assets to reduce memory usage. Loaded Objects now: 3335.
Total: 2.812178 ms (FindLiveObjects: 0.312721 ms CreateObjectMapping: 0.198287 ms MarkObjects: 1.973417 ms  DeleteObjects: 0.326711 ms)

========================================================================
Received Prepare
Registering precompiled user dll's ...
Registered in 0.001412 seconds.
Begin MonoManager ReloadAssembly
Native extension for OSXStandalone target not found
Refreshing native plugins compatible for Editor in 0.57 ms, found 1 plugins.
Preloading 0 native plugins for Editor in 0.00 ms.
Mono: successfully reloaded assembly
- Completed reload, in  0.974 seconds
Platform modules already initialized, skipping
Refreshing native plugins compatible for Editor in 0.54 ms, found 1 plugins.
Preloading 0 native plugins for Editor in 0.00 ms.
Unloading 2778 Unused Serialized files (Serialized files now loaded: 0)
System memory in use before: 196.4 MB.
System memory in use after: 196.1 MB.

Unloading 12 unused Assets to reduce memory usage. Loaded Objects now: 3338.
Total: 2.115000 ms (FindLiveObjects: 0.293004 ms CreateObjectMapping: 0.118850 ms MarkObjects: 1.430070 ms  DeleteObjects: 0.272296 ms)

========================================================================
Received Prepare
Registering precompiled user dll's ...
Registered in 0.001317 seconds.
Begin MonoManager ReloadAssembly
Native extension for OSXStandalone target not found
Refreshing native plugins compatible for Editor in 0.57 ms, found 1 plugins.
Preloading 0 native plugins for Editor in 0.00 ms.
Mono: successfully reloaded assembly
- Completed reload, in  0.959 seconds
Platform modules already initialized, skipping
Refreshing native plugins compatible for Editor in 0.54 ms, found 1 plugins.
Preloading 0 native plugins for Editor in 0.00 ms.
Unloading 2778 Unused Serialized files (Serialized files now loaded: 0)
System memory in use before: 196.6 MB.
System memory in use after: 196.3 MB.

Unloading 12 unused Assets to reduce memory usage. Loaded Objects now: 3341.
Total: 2.137929 ms (FindLiveObjects: 0.226973 ms CreateObjectMapping: 0.117758 ms MarkObjects: 1.497256 ms  DeleteObjects: 0.295010 ms)

========================================================================
Received Prepare
Registering precompiled user dll's ...
Registered in 0.018702 seconds.
Begin MonoManager ReloadAssembly
Native extension for OSXStandalone target not found
Refreshing native plugins compatible for Editor in 0.53 ms, found 1 plugins.
Preloading 0 native plugins for Editor in 0.00 ms.
Mono: successfully reloaded assembly
- Completed reload, in  0.969 seconds
Platform modules already initialized, skipping
Refreshing native plugins compatible for Editor in 0.52 ms, found 1 plugins.
Preloading 0 native plugins for Editor in 0.00 ms.
Unloading 2778 Unused Serialized files (Serialized files now loaded: 0)
System memory in use before: 196.8 MB.
System memory in use after: 196.6 MB.

Unloading 12 unused Assets to reduce memory usage. Loaded Objects now: 3344.
Total: 2.062881 ms (FindLiveObjects: 0.200558 ms CreateObjectMapping: 0.102291 ms MarkObjects: 1.476917 ms  DeleteObjects: 0.282407 ms)

========================================================================
Received Prepare
Registering precompiled user dll's ...
Registered in 0.001502 seconds.
Begin MonoManager ReloadAssembly
Native extension for OSXStandalone target not found
Refreshing native plugins compatible for Editor in 0.53 ms, found 1 plugins.
Preloading 0 native plugins for Editor in 0.00 ms.
Mono: successfully reloaded assembly
- Completed reload, in  0.977 seconds
Platform modules already initialized, skipping
Refreshing native plugins compatible for Editor in 0.52 ms, found 1 plugins.
Preloading 0 native plugins for Editor in 0.00 ms.
Unloading 2778 Unused Serialized files (Serialized files now loaded: 0)
System memory in use before: 197.0 MB.
System memory in use after: 196.8 MB.

Unloading 12 unused Assets to reduce memory usage. Loaded Objects now: 3347.
Total: 3.091430 ms (FindLiveObjects: 0.309211 ms CreateObjectMapping: 0.195913 ms MarkObjects: 2.245037 ms  DeleteObjects: 0.340190 ms)

========================================================================
Received Import Request.
  Time since last request: 146128.522531 seconds.
  path: Assets/Materials/EnemyEyes.mat
  artifactKey: Guid(a35c11826685f459a824cc515b261eca) Importer(815301076,1909f56bfc062723c751e8b465ee728b)
Start importing Assets/Materials/EnemyEyes.mat using Guid(a35c11826685f459a824cc515b261eca) Importer(815301076,1909f56bfc062723c751e8b465ee728b)  -> (artifact id: '9cba41bd15e667f2b8354fd7391474b3') in 0.245529 seconds 
