Using pre-set license

 COMMAND LINE ARGUMENTS:
/Applications/Unity/Hub/Editor/2021.1.3f1/Unity.app/Contents/MacOS/Unity
-adb2
-batchMode
-noUpm
-name
AssetImportWorker0
-projectPath
/Users/kids/Desktop/Unity FPS
-logFile
Logs/AssetImportWorker0.log
-srvPort
50441
Successfully changed project path to: /Users/kids/Desktop/Unity FPS
/Users/kids/Desktop/Unity FPS
Using Asset Import Pipeline V2.
Refreshing native plugins compatible for Editor in 86.16 ms, found 1 plugins.
Preloading 0 native plugins for Editor in 0.00 ms.
Initialize engine version: 2021.1.3f1 (4bef613afd59)
[Subsystems] Discovering subsystems at path /Applications/Unity/Hub/Editor/2021.1.3f1/Unity.app/Contents/Resources/UnitySubsystems
[Subsystems] Discovering subsystems at path /Users/kids/Desktop/Unity FPS/Assets
GfxDevice: creating device client; threaded=0; jobified=0
2021-07-16 14:46:34.652 Unity[13389:454766] iMac preferred device: AMD Radeon Pro 560X (high power)
2021-07-16 14:46:34.652 Unity[13389:454766] Metal devices available: 1
2021-07-16 14:46:34.652 Unity[13389:454766] 0: AMD Radeon Pro 560X (high power)
2021-07-16 14:46:34.653 Unity[13389:454766] Using device AMD Radeon Pro 560X (high power)
Initializing Metal device caps: AMD Radeon Pro 560X
Initialize mono
Mono path[0] = '/Applications/Unity/Hub/Editor/2021.1.3f1/Unity.app/Contents/Managed'
Mono path[1] = '/Applications/Unity/Hub/Editor/2021.1.3f1/Unity.app/Contents/MonoBleedingEdge/lib/mono/unityjit'
Mono config path = '/Applications/Unity/Hub/Editor/2021.1.3f1/Unity.app/Contents/MonoBleedingEdge/etc'
Using monoOptions --debugger-agent=transport=dt_socket,embedding=1,server=y,suspend=n,address=127.0.0.1:56389
Begin MonoManager ReloadAssembly
Registering precompiled unity dll's ...
Register platform support module: /Applications/Unity/Hub/Editor/2021.1.3f1/Unity.app/Contents/PlaybackEngines/MacStandaloneSupport/UnityEditor.OSXStandalone.Extensions.dll
Registered in 0.051739 seconds.
Native extension for OSXStandalone target not found
Refreshing native plugins compatible for Editor in 89.26 ms, found 1 plugins.
Preloading 0 native plugins for Editor in 0.00 ms.
Mono: successfully reloaded assembly
- Completed reload, in  3.007 seconds
Platform modules already initialized, skipping
Registering precompiled user dll's ...
Registered in 0.047043 seconds.
Begin MonoManager ReloadAssembly
Native extension for OSXStandalone target not found
Refreshing native plugins compatible for Editor in 0.62 ms, found 1 plugins.
Preloading 0 native plugins for Editor in 0.00 ms.
Mono: successfully reloaded assembly
- Completed reload, in  1.224 seconds
Platform modules already initialized, skipping
========================================================================
Worker process is ready to serve import requests
Launching external process: /Applications/Unity/Hub/Editor/2021.1.3f1/Unity.app/Contents/Tools/UnityShaderCompiler
Launched and connected shader compiler UnityShaderCompiler after 0.06 seconds
Refreshing native plugins compatible for Editor in 0.77 ms, found 1 plugins.
Preloading 0 native plugins for Editor in 0.00 ms.
Unloading 2802 Unused Serialized files (Serialized files now loaded: 0)
System memory in use before: 187.9 MB.
System memory in use after: 187.6 MB.

Unloading 17 unused Assets to reduce memory usage. Loaded Objects now: 3273.
Total: 2.197301 ms (FindLiveObjects: 0.234735 ms CreateObjectMapping: 0.130819 ms MarkObjects: 1.547662 ms  DeleteObjects: 0.282694 ms)

========================================================================
Received Import Request.
  path: Assets/Enemy.blend
  artifactKey: Guid(3b3c9cc2e891d4ed5830ac33fc0b69d7) Importer(815301076,1909f56bfc062723c751e8b465ee728b)
Start importing Assets/Enemy.blend using Guid(3b3c9cc2e891d4ed5830ac33fc0b69d7) Importer(815301076,1909f56bfc062723c751e8b465ee728b)  -> (artifact id: '9ae42d5bef63c8181a9a626e8cabe6a0') in 1.100668 seconds 
========================================================================
Received Import Request.
  Time since last request: 69.647823 seconds.
  path: Assets/Enemy.blend
  artifactKey: Guid(3b3c9cc2e891d4ed5830ac33fc0b69d7) Importer(815301076,1909f56bfc062723c751e8b465ee728b)
Start importing Assets/Enemy.blend using Guid(3b3c9cc2e891d4ed5830ac33fc0b69d7) Importer(815301076,1909f56bfc062723c751e8b465ee728b)  -> (artifact id: '4af00f5b29bc86a46dd0f6a1d14ee2e1') in 0.091097 seconds 
========================================================================
Received Import Request.
  Time since last request: 70.756437 seconds.
  path: Assets/Enemy.blend
  artifactKey: Guid(3b3c9cc2e891d4ed5830ac33fc0b69d7) Importer(815301076,1909f56bfc062723c751e8b465ee728b)
Start importing Assets/Enemy.blend using Guid(3b3c9cc2e891d4ed5830ac33fc0b69d7) Importer(815301076,1909f56bfc062723c751e8b465ee728b)  -> (artifact id: '486d837aa469d76e32abe9a516321f49') in 0.076333 seconds 
========================================================================
Received Import Request.
  Time since last request: 32.503794 seconds.
  path: Assets/Monkey.blend
  artifactKey: Guid(3b3c9cc2e891d4ed5830ac33fc0b69d7) Importer(815301076,1909f56bfc062723c751e8b465ee728b)
Start importing Assets/Monkey.blend using Guid(3b3c9cc2e891d4ed5830ac33fc0b69d7) Importer(815301076,1909f56bfc062723c751e8b465ee728b)  -> (artifact id: '760cc1d6d6041e06d680d07938ae16a0') in 0.082789 seconds 
========================================================================
Received Import Request.
  Time since last request: 60.133333 seconds.
  path: Assets/Enemy.blend
  artifactKey: Guid(b284a8192cb5e475bb877513b91e54bc) Importer(815301076,1909f56bfc062723c751e8b465ee728b)
Start importing Assets/Enemy.blend using Guid(b284a8192cb5e475bb877513b91e54bc) Importer(815301076,1909f56bfc062723c751e8b465ee728b)  -> (artifact id: 'cc01791a774536ee8d6c82eef515ece3') in 0.046902 seconds 
========================================================================
Received Import Request.
  Time since last request: 32.052168 seconds.
  path: Assets/Monkey.blend
  artifactKey: Guid(b284a8192cb5e475bb877513b91e54bc) Importer(815301076,1909f56bfc062723c751e8b465ee728b)
Start importing Assets/Monkey.blend using Guid(b284a8192cb5e475bb877513b91e54bc) Importer(815301076,1909f56bfc062723c751e8b465ee728b)  -> (artifact id: '631f97235b6a17c446711ae74033bcfb') in 0.061084 seconds 
========================================================================
Received Import Request.
  Time since last request: 1.823144 seconds.
  path: Assets/Enemy.blend1
  artifactKey: Guid(7f9a73d64826545309e5e4bfd4994598) Importer(815301076,1909f56bfc062723c751e8b465ee728b)
Start importing Assets/Enemy.blend1 using Guid(7f9a73d64826545309e5e4bfd4994598) Importer(815301076,1909f56bfc062723c751e8b465ee728b)  -> (artifact id: '0a7487ad9b9b26a45a03e0acbf8cfc6a') in 0.164038 seconds 
========================================================================
Received Import Request.
  Time since last request: 48.113340 seconds.
  path: Assets/Enemy.blend
  artifactKey: Guid(3677cd04d2784468da3455b2142fdae4) Importer(815301076,1909f56bfc062723c751e8b465ee728b)
Start importing Assets/Enemy.blend using Guid(3677cd04d2784468da3455b2142fdae4) Importer(815301076,1909f56bfc062723c751e8b465ee728b)  -> (artifact id: 'fdb53b1ee52fc0385a856d42c289854e') in 0.061084 seconds 
========================================================================
Received Prepare
Registering precompiled user dll's ...
Registered in 0.001353 seconds.
Begin MonoManager ReloadAssembly
Native extension for OSXStandalone target not found
Refreshing native plugins compatible for Editor in 0.54 ms, found 1 plugins.
Preloading 0 native plugins for Editor in 0.00 ms.
Mono: successfully reloaded assembly
- Completed reload, in  1.041 seconds
Platform modules already initialized, skipping
Refreshing native plugins compatible for Editor in 0.51 ms, found 1 plugins.
Preloading 0 native plugins for Editor in 0.00 ms.
Unloading 2778 Unused Serialized files (Serialized files now loaded: 0)
System memory in use before: 199.9 MB.
System memory in use after: 199.7 MB.

Unloading 12 unused Assets to reduce memory usage. Loaded Objects now: 3319.
Total: 2.775814 ms (FindLiveObjects: 0.282014 ms CreateObjectMapping: 0.151011 ms MarkObjects: 2.000864 ms  DeleteObjects: 0.340651 ms)

========================================================================
Received Import Request.
  Time since last request: 370.408172 seconds.
  path: Assets/Materials/GroundMat.mat
  artifactKey: Guid(3c4f326e6a8f943b9bbe01aa8a0a4630) Importer(815301076,1909f56bfc062723c751e8b465ee728b)
Start importing Assets/Materials/GroundMat.mat using Guid(3c4f326e6a8f943b9bbe01aa8a0a4630) Importer(815301076,1909f56bfc062723c751e8b465ee728b)  -> (artifact id: '2792915e18f94ff1a0898f153dade236') in 0.342141 seconds 
========================================================================
Received Import Request.
  Time since last request: 82.784611 seconds.
  path: Assets/MonkeyMod.blend
  artifactKey: Guid(3677cd04d2784468da3455b2142fdae4) Importer(815301076,1909f56bfc062723c751e8b465ee728b)
Start importing Assets/MonkeyMod.blend using Guid(3677cd04d2784468da3455b2142fdae4) Importer(815301076,1909f56bfc062723c751e8b465ee728b)  -> (artifact id: 'e2922b9e8e4c7f8aea225351506b4a4d') in 0.110336 seconds 
========================================================================
Received Import Request.
  Time since last request: 4.001863 seconds.
  path: Assets/Prefabs/Enemy.prefab
  artifactKey: Guid(23f4e2b3c3b4645ea994763d4f84f72e) Importer(815301076,1909f56bfc062723c751e8b465ee728b)
Start importing Assets/Prefabs/Enemy.prefab using Guid(23f4e2b3c3b4645ea994763d4f84f72e) Importer(815301076,1909f56bfc062723c751e8b465ee728b)  -> (artifact id: '44d3cfd53b94919a48a82b030cd7c6e1') in 0.910943 seconds 
========================================================================
Received Import Request.
  Time since last request: 14.666009 seconds.
  path: Assets/Prefabs/Enemy 1.prefab
  artifactKey: Guid(9dd271d2b75ef424788491ea72a72386) Importer(815301076,1909f56bfc062723c751e8b465ee728b)
Start importing Assets/Prefabs/Enemy 1.prefab using Guid(9dd271d2b75ef424788491ea72a72386) Importer(815301076,1909f56bfc062723c751e8b465ee728b)  -> (artifact id: '9ff16959221186104939b90b128ce0ef') in 0.131785 seconds 
========================================================================
Received Import Request.
  Time since last request: 15.551012 seconds.
  path: Assets/Prefabs/Monkey.prefab
  artifactKey: Guid(9dd271d2b75ef424788491ea72a72386) Importer(815301076,1909f56bfc062723c751e8b465ee728b)
Start importing Assets/Prefabs/Monkey.prefab using Guid(9dd271d2b75ef424788491ea72a72386) Importer(815301076,1909f56bfc062723c751e8b465ee728b)  -> (artifact id: 'b5b798eace07d36f7ae71fc2a8461886') in 0.040782 seconds 
========================================================================
Received Prepare
Registering precompiled user dll's ...
Registered in 0.096912 seconds.
Begin MonoManager ReloadAssembly
Native extension for OSXStandalone target not found
Refreshing native plugins compatible for Editor in 0.54 ms, found 1 plugins.
Preloading 0 native plugins for Editor in 0.00 ms.
Mono: successfully reloaded assembly
- Completed reload, in  1.147 seconds
Platform modules already initialized, skipping
Refreshing native plugins compatible for Editor in 0.56 ms, found 1 plugins.
Preloading 0 native plugins for Editor in 0.00 ms.
Unloading 2778 Unused Serialized files (Serialized files now loaded: 0)
System memory in use before: 208.9 MB.
System memory in use after: 208.7 MB.

Unloading 15 unused Assets to reduce memory usage. Loaded Objects now: 3324.
Total: 2.680767 ms (FindLiveObjects: 0.256560 ms CreateObjectMapping: 0.126743 ms MarkObjects: 2.003461 ms  DeleteObjects: 0.293161 ms)

========================================================================
Received Import Request.
  Time since last request: 121.397481 seconds.
  path: Assets/Prefabs/Monkey.prefab
  artifactKey: Guid(9dd271d2b75ef424788491ea72a72386) Importer(815301076,1909f56bfc062723c751e8b465ee728b)
Start importing Assets/Prefabs/Monkey.prefab using Guid(9dd271d2b75ef424788491ea72a72386) Importer(815301076,1909f56bfc062723c751e8b465ee728b)  -> (artifact id: '8896ee4b812154c842c4183acc0b1c17') in 0.402794 seconds 
========================================================================
Received Import Request.
  Time since last request: 3.697665 seconds.
  path: Assets/Prefabs/Monkey.prefab
  artifactKey: Guid(9dd271d2b75ef424788491ea72a72386) Importer(815301076,1909f56bfc062723c751e8b465ee728b)
Start importing Assets/Prefabs/Monkey.prefab using Guid(9dd271d2b75ef424788491ea72a72386) Importer(815301076,1909f56bfc062723c751e8b465ee728b)  -> (artifact id: '052222330cdcdf4a20c44c282c08f356') in 0.048641 seconds 
========================================================================
Received Import Request.
  Time since last request: 17.343588 seconds.
  path: Assets/Prefabs/ReplayWin.prefab
  artifactKey: Guid(db068ab60df3c4b57864e867cd9141b5) Importer(815301076,1909f56bfc062723c751e8b465ee728b)
Start importing Assets/Prefabs/ReplayWin.prefab using Guid(db068ab60df3c4b57864e867cd9141b5) Importer(815301076,1909f56bfc062723c751e8b465ee728b)  -> (artifact id: '027dda91b33f3ee1f744af111a8646be') in 0.050231 seconds 
========================================================================
Received Import Request.
  Time since last request: 8.146717 seconds.
  path: Assets/Prefabs/ReplayDeath.prefab
  artifactKey: Guid(ffd34834aaa9843eb9719e6e4a3d5cc8) Importer(815301076,1909f56bfc062723c751e8b465ee728b)
Start importing Assets/Prefabs/ReplayDeath.prefab using Guid(ffd34834aaa9843eb9719e6e4a3d5cc8) Importer(815301076,1909f56bfc062723c751e8b465ee728b)  -> (artifact id: '04cd064539f4a1eb0bde9132c8eaea9d') in 0.006858 seconds 
========================================================================
Received Import Request.
  Time since last request: 3.398284 seconds.
  path: Assets/Prefabs/Win.prefab
  artifactKey: Guid(581ef0d1d0c864b3e820cf997ddf931e) Importer(815301076,1909f56bfc062723c751e8b465ee728b)
Start importing Assets/Prefabs/Win.prefab using Guid(581ef0d1d0c864b3e820cf997ddf931e) Importer(815301076,1909f56bfc062723c751e8b465ee728b)  -> (artifact id: 'e1bfaa27b1bb5ad7627efbfb4c558b9f') in 0.007464 seconds 
========================================================================
Received Import Request.
  Time since last request: 2.374780 seconds.
  path: Assets/Prefabs/Death.prefab
  artifactKey: Guid(57463bd3c89c8479c863aab78a8a6370) Importer(815301076,1909f56bfc062723c751e8b465ee728b)
Start importing Assets/Prefabs/Death.prefab using Guid(57463bd3c89c8479c863aab78a8a6370) Importer(815301076,1909f56bfc062723c751e8b465ee728b)  -> (artifact id: 'ff27c148ef08d935ebdfc39b895171ce') in 0.006772 seconds 
========================================================================
Received Import Request.
  Time since last request: 7.523601 seconds.
  path: Assets/Prefabs/PatrolPosition.prefab
  artifactKey: Guid(4a3fdad35871a4d3caac4235d2a9b0dc) Importer(815301076,1909f56bfc062723c751e8b465ee728b)
Start importing Assets/Prefabs/PatrolPosition.prefab using Guid(4a3fdad35871a4d3caac4235d2a9b0dc) Importer(815301076,1909f56bfc062723c751e8b465ee728b)  -> (artifact id: '794ce41c54aa8dc16aec916a769e36c4') in 0.006271 seconds 
========================================================================
Received Import Request.
  Time since last request: 2.923265 seconds.
  path: Assets/Prefabs/PatrolPosition (1).prefab
  artifactKey: Guid(a1105e4d29bc34920bd7ee74468d1007) Importer(815301076,1909f56bfc062723c751e8b465ee728b)
Start importing Assets/Prefabs/PatrolPosition (1).prefab using Guid(a1105e4d29bc34920bd7ee74468d1007) Importer(815301076,1909f56bfc062723c751e8b465ee728b)  -> (artifact id: 'ee1f084911ff44cad07dd7570a827bdc') in 0.011073 seconds 
========================================================================
Received Import Request.
  Time since last request: 2.603129 seconds.
  path: Assets/Prefabs/PatrolPosition (2).prefab
  artifactKey: Guid(bc35754b818b1446f872cf33c26d31cd) Importer(815301076,1909f56bfc062723c751e8b465ee728b)
Start importing Assets/Prefabs/PatrolPosition (2).prefab using Guid(bc35754b818b1446f872cf33c26d31cd) Importer(815301076,1909f56bfc062723c751e8b465ee728b)  -> (artifact id: '917863b852c75468120a18c9731c9d60') in 0.005457 seconds 
========================================================================
Received Prepare
Registering precompiled user dll's ...
Registered in 0.050690 seconds.
Begin MonoManager ReloadAssembly
Native extension for OSXStandalone target not found
Refreshing native plugins compatible for Editor in 0.56 ms, found 1 plugins.
Preloading 0 native plugins for Editor in 0.00 ms.
Mono: successfully reloaded assembly
- Completed reload, in  1.272 seconds
Platform modules already initialized, skipping
Refreshing native plugins compatible for Editor in 0.69 ms, found 1 plugins.
Preloading 0 native plugins for Editor in 0.00 ms.
Unloading 2778 Unused Serialized files (Serialized files now loaded: 0)
System memory in use before: 209.4 MB.
System memory in use after: 209.1 MB.

Unloading 15 unused Assets to reduce memory usage. Loaded Objects now: 3330.
Total: 2.601636 ms (FindLiveObjects: 0.279140 ms CreateObjectMapping: 0.149612 ms MarkObjects: 1.857590 ms  DeleteObjects: 0.313683 ms)

========================================================================
Received Import Request.
  Time since last request: 94.644633 seconds.
  path: Assets/Prefabs/Monkey.prefab
  artifactKey: Guid(9dd271d2b75ef424788491ea72a72386) Importer(815301076,1909f56bfc062723c751e8b465ee728b)
Start importing Assets/Prefabs/Monkey.prefab using Guid(9dd271d2b75ef424788491ea72a72386) Importer(815301076,1909f56bfc062723c751e8b465ee728b)  -> (artifact id: '61ba526f21be47f2bba88374b0de6df3') in 0.430234 seconds 
========================================================================
Received Import Request.
  Time since last request: 47.540897 seconds.
  path: Assets/Prefabs/Monkey.prefab
  artifactKey: Guid(9dd271d2b75ef424788491ea72a72386) Importer(815301076,1909f56bfc062723c751e8b465ee728b)
Start importing Assets/Prefabs/Monkey.prefab using Guid(9dd271d2b75ef424788491ea72a72386) Importer(815301076,1909f56bfc062723c751e8b465ee728b)  -> (artifact id: '5ef7188a7f4eee802de02aa0e6323f10') in 0.049568 seconds 
========================================================================
Received Import Request.
  Time since last request: 2.860762 seconds.
  path: Assets/Prefabs/Monkey.prefab
  artifactKey: Guid(9dd271d2b75ef424788491ea72a72386) Importer(815301076,1909f56bfc062723c751e8b465ee728b)
Start importing Assets/Prefabs/Monkey.prefab using Guid(9dd271d2b75ef424788491ea72a72386) Importer(815301076,1909f56bfc062723c751e8b465ee728b)  -> (artifact id: 'df7ac7b42facfd5be79dfa2927942c8d') in 0.049142 seconds 
========================================================================
Received Import Request.
  Time since last request: 2.670381 seconds.
  path: Assets/Prefabs/Monkey.prefab
  artifactKey: Guid(9dd271d2b75ef424788491ea72a72386) Importer(815301076,1909f56bfc062723c751e8b465ee728b)
Start importing Assets/Prefabs/Monkey.prefab using Guid(9dd271d2b75ef424788491ea72a72386) Importer(815301076,1909f56bfc062723c751e8b465ee728b)  -> (artifact id: '985224e53a2bcb1137f6de7136e90472') in 0.054721 seconds 
========================================================================
Received Prepare
Registering precompiled user dll's ...
Registered in 0.178929 seconds.
Begin MonoManager ReloadAssembly
Native extension for OSXStandalone target not found
Refreshing native plugins compatible for Editor in 0.55 ms, found 1 plugins.
Preloading 0 native plugins for Editor in 0.00 ms.
Mono: successfully reloaded assembly
- Completed reload, in  1.176 seconds
Platform modules already initialized, skipping
Refreshing native plugins compatible for Editor in 0.52 ms, found 1 plugins.
Preloading 0 native plugins for Editor in 0.00 ms.
Unloading 2778 Unused Serialized files (Serialized files now loaded: 0)
System memory in use before: 209.8 MB.
System memory in use after: 209.5 MB.

Unloading 15 unused Assets to reduce memory usage. Loaded Objects now: 3334.
Total: 2.845945 ms (FindLiveObjects: 0.260481 ms CreateObjectMapping: 0.130919 ms MarkObjects: 2.062262 ms  DeleteObjects: 0.390966 ms)

========================================================================
Received Prepare
Registering precompiled user dll's ...
Registered in 0.057079 seconds.
Begin MonoManager ReloadAssembly
Native extension for OSXStandalone target not found
Refreshing native plugins compatible for Editor in 0.56 ms, found 1 plugins.
Preloading 0 native plugins for Editor in 0.00 ms.
Mono: successfully reloaded assembly
- Completed reload, in  1.207 seconds
Platform modules already initialized, skipping
Refreshing native plugins compatible for Editor in 0.51 ms, found 1 plugins.
Preloading 0 native plugins for Editor in 0.00 ms.
Unloading 2778 Unused Serialized files (Serialized files now loaded: 0)
System memory in use before: 210.0 MB.
System memory in use after: 209.7 MB.

Unloading 12 unused Assets to reduce memory usage. Loaded Objects now: 3337.
Total: 2.553107 ms (FindLiveObjects: 0.256425 ms CreateObjectMapping: 0.139798 ms MarkObjects: 1.839332 ms  DeleteObjects: 0.316400 ms)

========================================================================
Received Prepare
Registering precompiled user dll's ...
Registered in 0.001943 seconds.
Begin MonoManager ReloadAssembly
Native extension for OSXStandalone target not found
Refreshing native plugins compatible for Editor in 0.60 ms, found 1 plugins.
Preloading 0 native plugins for Editor in 0.00 ms.
Mono: successfully reloaded assembly
- Completed reload, in  1.078 seconds
Platform modules already initialized, skipping
Refreshing native plugins compatible for Editor in 0.63 ms, found 1 plugins.
Preloading 0 native plugins for Editor in 0.00 ms.
Unloading 2778 Unused Serialized files (Serialized files now loaded: 0)
System memory in use before: 210.4 MB.
System memory in use after: 210.1 MB.

Unloading 12 unused Assets to reduce memory usage. Loaded Objects now: 3340.
Total: 2.548282 ms (FindLiveObjects: 0.303056 ms CreateObjectMapping: 0.169956 ms MarkObjects: 1.773774 ms  DeleteObjects: 0.300368 ms)

========================================================================
Received Prepare
Registering precompiled user dll's ...
Registered in 0.191221 seconds.
Begin MonoManager ReloadAssembly
Native extension for OSXStandalone target not found
Refreshing native plugins compatible for Editor in 0.58 ms, found 1 plugins.
Preloading 0 native plugins for Editor in 0.00 ms.
Mono: successfully reloaded assembly
- Completed reload, in  1.041 seconds
Platform modules already initialized, skipping
Refreshing native plugins compatible for Editor in 0.57 ms, found 1 plugins.
Preloading 0 native plugins for Editor in 0.00 ms.
Unloading 2778 Unused Serialized files (Serialized files now loaded: 0)
System memory in use before: 210.6 MB.
System memory in use after: 210.4 MB.

Unloading 12 unused Assets to reduce memory usage. Loaded Objects now: 3343.
Total: 2.413311 ms (FindLiveObjects: 0.283188 ms CreateObjectMapping: 0.150455 ms MarkObjects: 1.651138 ms  DeleteObjects: 0.327499 ms)

========================================================================
Received Prepare
Registering precompiled user dll's ...
Registered in 0.001441 seconds.
Begin MonoManager ReloadAssembly
Native extension for OSXStandalone target not found
Refreshing native plugins compatible for Editor in 0.60 ms, found 1 plugins.
Preloading 0 native plugins for Editor in 0.00 ms.
Mono: successfully reloaded assembly
- Completed reload, in  1.021 seconds
Platform modules already initialized, skipping
Refreshing native plugins compatible for Editor in 0.60 ms, found 1 plugins.
Preloading 0 native plugins for Editor in 0.00 ms.
Unloading 2778 Unused Serialized files (Serialized files now loaded: 0)
System memory in use before: 210.8 MB.
System memory in use after: 210.6 MB.

Unloading 12 unused Assets to reduce memory usage. Loaded Objects now: 3346.
Total: 2.610139 ms (FindLiveObjects: 0.244615 ms CreateObjectMapping: 0.135953 ms MarkObjects: 1.931985 ms  DeleteObjects: 0.296475 ms)

========================================================================
Received Prepare
Registering precompiled user dll's ...
Registered in 0.009251 seconds.
Begin MonoManager ReloadAssembly
Native extension for OSXStandalone target not found
Refreshing native plugins compatible for Editor in 0.54 ms, found 1 plugins.
Preloading 0 native plugins for Editor in 0.00 ms.
Mono: successfully reloaded assembly
- Completed reload, in  1.005 seconds
Platform modules already initialized, skipping
Refreshing native plugins compatible for Editor in 0.60 ms, found 1 plugins.
Preloading 0 native plugins for Editor in 0.00 ms.
Unloading 2778 Unused Serialized files (Serialized files now loaded: 0)
System memory in use before: 211.0 MB.
System memory in use after: 210.8 MB.

Unloading 12 unused Assets to reduce memory usage. Loaded Objects now: 3349.
Total: 2.222046 ms (FindLiveObjects: 0.255819 ms CreateObjectMapping: 0.139679 ms MarkObjects: 1.529658 ms  DeleteObjects: 0.295751 ms)

========================================================================
Received Prepare
Registering precompiled user dll's ...
Registered in 0.064274 seconds.
Begin MonoManager ReloadAssembly
Native extension for OSXStandalone target not found
Refreshing native plugins compatible for Editor in 0.60 ms, found 1 plugins.
Preloading 0 native plugins for Editor in 0.00 ms.
Mono: successfully reloaded assembly
- Completed reload, in  1.158 seconds
Platform modules already initialized, skipping
Refreshing native plugins compatible for Editor in 0.64 ms, found 1 plugins.
Preloading 0 native plugins for Editor in 0.00 ms.
Unloading 2778 Unused Serialized files (Serialized files now loaded: 0)
System memory in use before: 211.3 MB.
System memory in use after: 211.0 MB.

Unloading 12 unused Assets to reduce memory usage. Loaded Objects now: 3352.
Total: 2.722723 ms (FindLiveObjects: 0.269706 ms CreateObjectMapping: 0.163969 ms MarkObjects: 1.945422 ms  DeleteObjects: 0.342281 ms)

========================================================================
Received Prepare
Registering precompiled user dll's ...
Registered in 0.050911 seconds.
Begin MonoManager ReloadAssembly
Native extension for OSXStandalone target not found
Refreshing native plugins compatible for Editor in 0.53 ms, found 1 plugins.
Preloading 0 native plugins for Editor in 0.00 ms.
Mono: successfully reloaded assembly
- Completed reload, in  1.117 seconds
Platform modules already initialized, skipping
Refreshing native plugins compatible for Editor in 1.20 ms, found 1 plugins.
Preloading 0 native plugins for Editor in 0.00 ms.
Unloading 2778 Unused Serialized files (Serialized files now loaded: 0)
System memory in use before: 211.5 MB.
System memory in use after: 211.2 MB.

Unloading 12 unused Assets to reduce memory usage. Loaded Objects now: 3355.
Total: 2.539417 ms (FindLiveObjects: 0.288677 ms CreateObjectMapping: 0.135186 ms MarkObjects: 1.787218 ms  DeleteObjects: 0.327028 ms)

========================================================================
Received Prepare
Registering precompiled user dll's ...
Registered in 0.010429 seconds.
Begin MonoManager ReloadAssembly
Native extension for OSXStandalone target not found
Refreshing native plugins compatible for Editor in 0.54 ms, found 1 plugins.
Preloading 0 native plugins for Editor in 0.00 ms.
Mono: successfully reloaded assembly
- Completed reload, in  1.013 seconds
Platform modules already initialized, skipping
Refreshing native plugins compatible for Editor in 0.55 ms, found 1 plugins.
Preloading 0 native plugins for Editor in 0.00 ms.
Unloading 2778 Unused Serialized files (Serialized files now loaded: 0)
System memory in use before: 211.7 MB.
System memory in use after: 211.5 MB.

Unloading 12 unused Assets to reduce memory usage. Loaded Objects now: 3358.
Total: 3.722840 ms (FindLiveObjects: 0.304239 ms CreateObjectMapping: 0.387296 ms MarkObjects: 2.638522 ms  DeleteObjects: 0.390815 ms)

========================================================================
Received Prepare
Registering precompiled user dll's ...
Registered in 0.001656 seconds.
Begin MonoManager ReloadAssembly
Native extension for OSXStandalone target not found
Refreshing native plugins compatible for Editor in 0.58 ms, found 1 plugins.
Preloading 0 native plugins for Editor in 0.00 ms.
Mono: successfully reloaded assembly
- Completed reload, in  1.036 seconds
Platform modules already initialized, skipping
Refreshing native plugins compatible for Editor in 0.58 ms, found 1 plugins.
Preloading 0 native plugins for Editor in 0.00 ms.
Unloading 2778 Unused Serialized files (Serialized files now loaded: 0)
System memory in use before: 211.9 MB.
System memory in use after: 211.7 MB.

Unloading 12 unused Assets to reduce memory usage. Loaded Objects now: 3361.
Total: 2.831028 ms (FindLiveObjects: 0.531699 ms CreateObjectMapping: 0.249342 ms MarkObjects: 1.734370 ms  DeleteObjects: 0.314189 ms)

========================================================================
Received Prepare
Registering precompiled user dll's ...
Registered in 0.001522 seconds.
Begin MonoManager ReloadAssembly
Native extension for OSXStandalone target not found
Refreshing native plugins compatible for Editor in 0.53 ms, found 1 plugins.
Preloading 0 native plugins for Editor in 0.00 ms.
Mono: successfully reloaded assembly
- Completed reload, in  1.015 seconds
Platform modules already initialized, skipping
Refreshing native plugins compatible for Editor in 0.54 ms, found 1 plugins.
Preloading 0 native plugins for Editor in 0.00 ms.
Unloading 2778 Unused Serialized files (Serialized files now loaded: 0)
System memory in use before: 212.1 MB.
System memory in use after: 211.9 MB.

Unloading 12 unused Assets to reduce memory usage. Loaded Objects now: 3364.
Total: 2.247877 ms (FindLiveObjects: 0.243957 ms CreateObjectMapping: 0.135348 ms MarkObjects: 1.567590 ms  DeleteObjects: 0.299762 ms)

